This file contains any messages produced by compilers while
running configure, to aid debugging if configure makes a mistake.

It was created by RISC-V Proxy Kernel configure 1.0.0, which was
generated by GNU Autoconf 2.69.  Invocation command line was

  $ /home/xdd/xddcore/riscv-pk/configure --host=riscv64-unknown-elf --with-payload=/home/xdd/xddcore/riscv-linux/vmlinux --with-arch=rv64imac --enable-logo

## --------- ##
## Platform. ##
## --------- ##

hostname = xdd-NUC11PAHi5
uname -m = x86_64
uname -r = 5.11.0-38-generic
uname -s = Linux
uname -v = #42~20.04.1-Ubuntu SMP Tue Sep 28 20:41:07 UTC 2021

/usr/bin/uname -p = x86_64
/bin/uname -X     = unknown

/bin/arch              = x86_64
/usr/bin/arch -k       = unknown
/usr/convex/getsysinfo = unknown
/usr/bin/hostinfo      = unknown
/bin/machine           = unknown
/usr/bin/oslevel       = unknown
/bin/universe          = unknown

PATH: /opt/riscv/bin
PATH: /home/xdd/bin
PATH: /home/xdd/anaconda3/bin
PATH: /home/xdd/anaconda3/bin
PATH: /home/xdd/anaconda3/condabin
PATH: /usr/local/sbin
PATH: /usr/local/bin
PATH: /usr/sbin
PATH: /usr/bin
PATH: /sbin
PATH: /bin
PATH: /usr/games
PATH: /usr/local/games
PATH: /snap/bin


## ----------- ##
## Core tests. ##
## ----------- ##

configure:1961: checking build system type
configure:1975: result: x86_64-pc-linux-gnu
configure:1995: checking host system type
configure:2008: result: riscv64-unknown-elf
configure:2041: checking for riscv64-unknown-elf-gcc
configure:2057: found /opt/riscv/bin/riscv64-unknown-elf-gcc
configure:2068: result: riscv64-unknown-elf-gcc
configure:2337: checking for C compiler version
configure:2346: riscv64-unknown-elf-gcc --version >&5
riscv64-unknown-elf-gcc (g5964b5cd727) 11.1.0
Copyright (C) 2021 Free Software Foundation, Inc.
This is free software; see the source for copying conditions.  There is NO
warranty; not even for MERCHANTABILITY or FITNESS FOR A PARTICULAR PURPOSE.

configure:2357: $? = 0
configure:2346: riscv64-unknown-elf-gcc -v >&5
Using built-in specs.
COLLECT_GCC=riscv64-unknown-elf-gcc
COLLECT_LTO_WRAPPER=/opt/riscv/libexec/gcc/riscv64-unknown-elf/11.1.0/lto-wrapper
Target: riscv64-unknown-elf
Configured with: /home/xdd/xddcore/riscv-gnu-toolchain/riscv-gcc/configure --target=riscv64-unknown-elf --prefix=/opt/riscv --disable-shared --disable-threads --enable-languages=c,c++ --with-pkgversion=g5964b5cd727 --with-system-zlib --enable-tls --with-newlib --with-sysroot=/opt/riscv/riscv64-unknown-elf --with-native-system-header-dir=/include --disable-libmudflap --disable-libssp --disable-libquadmath --disable-libgomp --disable-nls --disable-tm-clone-registry --src=.././riscv-gcc --disable-multilib --with-abi=lp64d --with-arch=rv64imafdc --with-tune=rocket --with-isa-spec=2.2 'CFLAGS_FOR_TARGET=-Os   -mcmodel=medlow' 'CXXFLAGS_FOR_TARGET=-Os   -mcmodel=medlow'
Thread model: single
Supported LTO compression algorithms: zlib
gcc version 11.1.0 (g5964b5cd727) 
configure:2357: $? = 0
configure:2346: riscv64-unknown-elf-gcc -V >&5
riscv64-unknown-elf-gcc: error: unrecognized command-line option '-V'
riscv64-unknown-elf-gcc: fatal error: no input files
compilation terminated.
configure:2357: $? = 1
configure:2346: riscv64-unknown-elf-gcc -qversion >&5
riscv64-unknown-elf-gcc: error: unrecognized command-line option '-qversion'; did you mean '--version'?
riscv64-unknown-elf-gcc: fatal error: no input files
compilation terminated.
configure:2357: $? = 1
configure:2377: checking whether the C compiler works
configure:2399: riscv64-unknown-elf-gcc    conftest.c  >&5
configure:2403: $? = 0
configure:2451: result: yes
configure:2454: checking for C compiler default output file name
configure:2456: result: a.out
configure:2462: checking for suffix of executables
configure:2469: riscv64-unknown-elf-gcc -o conftest    conftest.c  >&5
configure:2473: $? = 0
configure:2495: result: 
configure:2517: checking whether we are cross compiling
configure:2525: riscv64-unknown-elf-gcc -o conftest    conftest.c  >&5
configure:2529: $? = 0
configure:2536: ./conftest
/home/xdd/xddcore/riscv-pk/configure: line 2538: ./conftest: cannot execute binary file: Exec format error
configure:2540: $? = 126
configure:2528: result: yes
configure:2533: checking for suffix of object files
configure:2555: riscv64-unknown-elf-gcc -c   conftest.c >&5
configure:2559: $? = 0
configure:2580: result: o
configure:2584: checking whether we are using the GNU C compiler
configure:2603: riscv64-unknown-elf-gcc -c   conftest.c >&5
configure:2603: $? = 0
configure:2612: result: yes
configure:2621: checking whether riscv64-unknown-elf-gcc accepts -g
configure:2641: riscv64-unknown-elf-gcc -c -g  conftest.c >&5
configure:2641: $? = 0
configure:2682: result: yes
configure:2699: checking for riscv64-unknown-elf-gcc option to accept ISO C89
configure:2762: riscv64-unknown-elf-gcc  -c -g -O2  conftest.c >&5
configure:2762: $? = 0
configure:2775: result: none needed
configure:2809: checking for riscv64-unknown-elf-g++
configure:2825: found /opt/riscv/bin/riscv64-unknown-elf-g++
configure:2836: result: riscv64-unknown-elf-g++
configure:2907: checking for C++ compiler version
configure:2916: riscv64-unknown-elf-g++ --version >&5
riscv64-unknown-elf-g++ (g5964b5cd727) 11.1.0
Copyright (C) 2021 Free Software Foundation, Inc.
This is free software; see the source for copying conditions.  There is NO
warranty; not even for MERCHANTABILITY or FITNESS FOR A PARTICULAR PURPOSE.

configure:2927: $? = 0
configure:2916: riscv64-unknown-elf-g++ -v >&5
Using built-in specs.
COLLECT_GCC=riscv64-unknown-elf-g++
COLLECT_LTO_WRAPPER=/opt/riscv/libexec/gcc/riscv64-unknown-elf/11.1.0/lto-wrapper
Target: riscv64-unknown-elf
Configured with: /home/xdd/xddcore/riscv-gnu-toolchain/riscv-gcc/configure --target=riscv64-unknown-elf --prefix=/opt/riscv --disable-shared --disable-threads --enable-languages=c,c++ --with-pkgversion=g5964b5cd727 --with-system-zlib --enable-tls --with-newlib --with-sysroot=/opt/riscv/riscv64-unknown-elf --with-native-system-header-dir=/include --disable-libmudflap --disable-libssp --disable-libquadmath --disable-libgomp --disable-nls --disable-tm-clone-registry --src=.././riscv-gcc --disable-multilib --with-abi=lp64d --with-arch=rv64imafdc --with-tune=rocket --with-isa-spec=2.2 'CFLAGS_FOR_TARGET=-Os   -mcmodel=medlow' 'CXXFLAGS_FOR_TARGET=-Os   -mcmodel=medlow'
Thread model: single
Supported LTO compression algorithms: zlib
gcc version 11.1.0 (g5964b5cd727) 
configure:2927: $? = 0
configure:2916: riscv64-unknown-elf-g++ -V >&5
riscv64-unknown-elf-g++: error: unrecognized command-line option '-V'
riscv64-unknown-elf-g++: fatal error: no input files
compilation terminated.
configure:2927: $? = 1
configure:2916: riscv64-unknown-elf-g++ -qversion >&5
riscv64-unknown-elf-g++: error: unrecognized command-line option '-qversion'; did you mean '--version'?
riscv64-unknown-elf-g++: fatal error: no input files
compilation terminated.
configure:2927: $? = 1
configure:2931: checking whether we are using the GNU C++ compiler
configure:2950: riscv64-unknown-elf-g++ -c   conftest.cpp >&5
configure:2950: $? = 0
configure:2959: result: yes
configure:2968: checking whether riscv64-unknown-elf-g++ accepts -g
configure:2988: riscv64-unknown-elf-g++ -c -g  conftest.cpp >&5
configure:2988: $? = 0
configure:3029: result: yes
configure:3055: checking for riscv64-unknown-elf-ar
configure:3071: found /opt/riscv/bin/riscv64-unknown-elf-ar
configure:3082: result: riscv64-unknown-elf-ar
configure:3147: checking for riscv64-unknown-elf-ranlib
configure:3163: found /opt/riscv/bin/riscv64-unknown-elf-ranlib
configure:3174: result: riscv64-unknown-elf-ranlib
configure:3239: checking for riscv64-unknown-elf-readelf
configure:3255: found /opt/riscv/bin/riscv64-unknown-elf-readelf
configure:3266: result: riscv64-unknown-elf-readelf
configure:3331: checking for riscv64-unknown-elf-objcopy
configure:3347: found /opt/riscv/bin/riscv64-unknown-elf-objcopy
configure:3358: result: riscv64-unknown-elf-objcopy
configure:3442: checking for a BSD-compatible install
configure:3510: result: /usr/bin/install -c
configure:3651: checking how to run the C preprocessor
configure:3682: riscv64-unknown-elf-gcc -E  conftest.c
configure:3682: $? = 0
configure:3696: riscv64-unknown-elf-gcc -E  conftest.c
conftest.c:9:10: fatal error: ac_nonexistent.h: No such file or directory
    9 | #include <ac_nonexistent.h>
      |          ^~~~~~~~~~~~~~~~~~
compilation terminated.
configure:3696: $? = 1
configure: failed program was:
| /* confdefs.h */
| #define PACKAGE_NAME "RISC-V Proxy Kernel"
| #define PACKAGE_TARNAME "riscv-pk"
| #define PACKAGE_VERSION "1.0.0"
| #define PACKAGE_STRING "RISC-V Proxy Kernel 1.0.0"
| #define PACKAGE_BUGREPORT "Andrew Waterman"
| #define PACKAGE_URL ""
| /* end confdefs.h.  */
| #include <ac_nonexistent.h>
configure:3721: result: riscv64-unknown-elf-gcc -E
configure:3741: riscv64-unknown-elf-gcc -E  conftest.c
configure:3741: $? = 0
configure:3755: riscv64-unknown-elf-gcc -E  conftest.c
conftest.c:9:10: fatal error: ac_nonexistent.h: No such file or directory
    9 | #include <ac_nonexistent.h>
      |          ^~~~~~~~~~~~~~~~~~
compilation terminated.
configure:3755: $? = 1
configure: failed program was:
| /* confdefs.h */
| #define PACKAGE_NAME "RISC-V Proxy Kernel"
| #define PACKAGE_TARNAME "riscv-pk"
| #define PACKAGE_VERSION "1.0.0"
| #define PACKAGE_STRING "RISC-V Proxy Kernel 1.0.0"
| #define PACKAGE_BUGREPORT "Andrew Waterman"
| #define PACKAGE_URL ""
| /* end confdefs.h.  */
| #include <ac_nonexistent.h>
configure:3784: checking for grep that handles long lines and -e
configure:3842: result: /usr/bin/grep
configure:3847: checking for egrep
configure:3909: result: /usr/bin/grep -E
configure:3914: checking for ANSI C header files
configure:3934: riscv64-unknown-elf-gcc -c -g -O2  conftest.c >&5
configure:3934: $? = 0
configure:4018: result: yes
configure:4135: configuring default subproject : pk
configure:4194: configuring default subproject : bbl
configure:4300: configuring default subproject : softfloat
configure:4345: configuring default subproject : dummy_payload
configure:4390: configuring default subproject : machine
configure:4449: configuring default subproject : util
configure:4595: creating ./config.status

## ---------------------- ##
## Running config.status. ##
## ---------------------- ##

This file was extended by RISC-V Proxy Kernel config.status 1.0.0, which was
generated by GNU Autoconf 2.69.  Invocation command line was

  CONFIG_FILES    = 
  CONFIG_HEADERS  = 
  CONFIG_LINKS    = 
  CONFIG_COMMANDS = 
  $ ./config.status 

on xdd-NUC11PAHi5

config.status:831: creating pk.mk
config.status:831: creating bbl.mk
config.status:831: creating softfloat.mk
config.status:831: creating dummy_payload.mk
config.status:831: creating machine.mk
config.status:831: creating util.mk
config.status:831: creating Makefile
config.status:831: creating config.h

## ---------------- ##
## Cache variables. ##
## ---------------- ##

ac_cv_build=x86_64-pc-linux-gnu
ac_cv_c_compiler_gnu=yes
ac_cv_cxx_compiler_gnu=yes
ac_cv_env_CCC_set=
ac_cv_env_CCC_value=
ac_cv_env_CC_set=
ac_cv_env_CC_value=
ac_cv_env_CFLAGS_set=
ac_cv_env_CFLAGS_value=
ac_cv_env_CPPFLAGS_set=
ac_cv_env_CPPFLAGS_value=
ac_cv_env_CPP_set=
ac_cv_env_CPP_value=
ac_cv_env_CXXFLAGS_set=
ac_cv_env_CXXFLAGS_value=
ac_cv_env_CXX_set=
ac_cv_env_CXX_value=
ac_cv_env_LDFLAGS_set=
ac_cv_env_LDFLAGS_value=
ac_cv_env_LIBS_set=
ac_cv_env_LIBS_value=
ac_cv_env_RISCV_set=
ac_cv_env_RISCV_value=
ac_cv_env_STOW_PREFIX_set=
ac_cv_env_STOW_PREFIX_value=
ac_cv_env_STOW_ROOT_set=
ac_cv_env_STOW_ROOT_value=
ac_cv_env_build_alias_set=
ac_cv_env_build_alias_value=
ac_cv_env_host_alias_set=set
ac_cv_env_host_alias_value=riscv64-unknown-elf
ac_cv_env_target_alias_set=
ac_cv_env_target_alias_value=
ac_cv_header_stdc=yes
ac_cv_host=riscv64-unknown-elf
ac_cv_objext=o
ac_cv_path_EGREP='/usr/bin/grep -E'
ac_cv_path_GREP=/usr/bin/grep
ac_cv_path_install='/usr/bin/install -c'
ac_cv_prog_AR=riscv64-unknown-elf-ar
ac_cv_prog_CC=riscv64-unknown-elf-gcc
ac_cv_prog_CPP='riscv64-unknown-elf-gcc -E'
ac_cv_prog_CXX=riscv64-unknown-elf-g++
ac_cv_prog_OBJCOPY=riscv64-unknown-elf-objcopy
ac_cv_prog_RANLIB=riscv64-unknown-elf-ranlib
ac_cv_prog_READELF=riscv64-unknown-elf-readelf
ac_cv_prog_cc_c89=
ac_cv_prog_cc_g=yes
ac_cv_prog_cxx_g=yes

## ----------------- ##
## Output variables. ##
## ----------------- ##

AR='riscv64-unknown-elf-ar'
BBL_ENABLE_LOGO='1'
BBL_LOGO_FILE='riscv_logo.txt'
BBL_PAYLOAD='/home/xdd/xddcore/riscv-linux/vmlinux'
CC='riscv64-unknown-elf-gcc'
CFLAGS='-Wall -Werror -D__NO_INLINE__ -mcmodel=medany -O2 -std=gnu99 -Wno-unused -Wno-attributes -fno-delete-null-pointer-checks -fno-PIE'
CPP='riscv64-unknown-elf-gcc -E'
CPPFLAGS=''
CXX='riscv64-unknown-elf-g++'
CXXFLAGS='-g -O2'
DEFS='-DHAVE_CONFIG_H'
ECHO_C=''
ECHO_N='-n'
ECHO_T=''
EGREP='/usr/bin/grep -E'
EXEEXT=''
GREP='/usr/bin/grep'
INSTALL_DATA='${INSTALL} -m 644'
INSTALL_PROGRAM='${INSTALL}'
INSTALL_SCRIPT='${INSTALL}'
LDFLAGS=' -Wl,--build-id=none'
LIBOBJS=''
LIBS='-lgcc'
LTLIBOBJS=''
MEM_START='0x60000000'
OBJCOPY='riscv64-unknown-elf-objcopy'
OBJEXT='o'
PACKAGE_BUGREPORT='Andrew Waterman'
PACKAGE_NAME='RISC-V Proxy Kernel'
PACKAGE_STRING='RISC-V Proxy Kernel 1.0.0'
PACKAGE_TARNAME='riscv-pk'
PACKAGE_URL=''
PACKAGE_VERSION='1.0.0'
PATH_SEPARATOR=':'
RANLIB='riscv64-unknown-elf-ranlib'
READELF='riscv64-unknown-elf-readelf'
RISCV=''
SHELL='/bin/sh'
STOW_PREFIX=''
STOW_ROOT=''
WITH_ARCH='rv64imac'
ac_ct_CC=''
ac_ct_CXX=''
bindir='${exec_prefix}/bin'
build='x86_64-pc-linux-gnu'
build_alias=''
build_cpu='x86_64'
build_os='linux-gnu'
build_vendor='pc'
datadir='${datarootdir}'
datarootdir='${prefix}/share'
docdir='${datarootdir}/doc/${PACKAGE_TARNAME}'
dvidir='${docdir}'
enable_stow='no'
exec_prefix='${prefix}'
host='riscv64-unknown-elf'
host_alias='riscv64-unknown-elf'
host_cpu='riscv64'
host_os='elf'
host_vendor='unknown'
htmldir='${docdir}'
includedir='${prefix}/include'
infodir='${datarootdir}/info'
libdir='${exec_prefix}/lib'
libexecdir='${exec_prefix}/libexec'
localedir='${datarootdir}/locale'
localstatedir='${prefix}/var'
mandir='${datarootdir}/man'
oldincludedir='/usr/include'
pdfdir='${docdir}'
prefix='/usr/local'
program_transform_name='s,x,x,'
psdir='${docdir}'
sbindir='${exec_prefix}/sbin'
sharedstatedir='${prefix}/com'
stow=''
subprojects=' pk bbl softfloat dummy_payload machine util'
subprojects_enabled=' pk bbl softfloat dummy_payload machine util'
sysconfdir='${prefix}/etc'
target_alias=''

## ----------- ##
## confdefs.h. ##
## ----------- ##

/* confdefs.h */
#define PACKAGE_NAME "RISC-V Proxy Kernel"
#define PACKAGE_TARNAME "riscv-pk"
#define PACKAGE_VERSION "1.0.0"
#define PACKAGE_STRING "RISC-V Proxy Kernel 1.0.0"
#define PACKAGE_BUGREPORT "Andrew Waterman"
#define PACKAGE_URL ""
#define STDC_HEADERS 1
#define PK_ENABLED /**/
#define PK_ENABLE_VM /**/
#define BBL_ENABLED /**/
#define PK_ENABLE_LOGO /**/
#define RELAXED_ALIGNMENT 0
#define SOFTFLOAT_ENABLED /**/
#define DUMMY_PAYLOAD_ENABLED /**/
#define MACHINE_ENABLED /**/
#define PK_ENABLE_FP_EMULATION /**/
#define UTIL_ENABLED /**/

configure: exit 0
